\BOOKMARK [1][-]{section.1}{\376\377\000C\000l\000a\000s\000s\000\040\0001}{}% 1
\BOOKMARK [2][-]{subsection.1.1}{\376\377\000F\000i\000e\000l\000d\000s}{section.1}% 2
\BOOKMARK [1][-]{section.2}{\376\377\000C\000l\000a\000s\000s\000\040\0002}{}% 3
\BOOKMARK [2][-]{subsection.2.1}{\376\377\000V\000e\000c\000t\000o\000r\000\040\000S\000p\000a\000c\000e\000s}{section.2}% 4
\BOOKMARK [2][-]{subsection.2.2}{\376\377\000S\000u\000b\000s\000p\000a\000c\000e\000s}{section.2}% 5
\BOOKMARK [1][-]{section.3}{\376\377\000C\000l\000a\000s\000s\000\040\0003}{}% 6
\BOOKMARK [2][-]{subsection.3.1}{\376\377\000S\000u\000b\000s\000p\000a\000c\000e\000s\000,\000\040\000c\000o\000n\000t\000'\000d}{section.3}% 7
\BOOKMARK [2][-]{subsection.3.2}{\376\377\000I\000n\000t\000e\000r\000s\000e\000c\000t\000i\000o\000n\000s\000\040\000o\000f\000\040\000s\000u\000b\000s\000p\000a\000c\000e\000s\000\040\000a\000n\000d\000\040\000s\000p\000a\000n\000s}{section.3}% 8
\BOOKMARK [2][-]{subsection.3.3}{\376\377\000S\000u\000m\000s\000\040\000o\000f\000\040\000s\000u\000b\000s\000p\000a\000c\000e\000s}{section.3}% 9
\BOOKMARK [1][-]{section.4}{\376\377\000C\000l\000a\000s\000s\000\040\0004}{}% 10
\BOOKMARK [2][-]{subsection.4.1}{\376\377\000D\000i\000r\000e\000c\000t\000\040\000S\000u\000m\000s\000\040\000a\000n\000d\000\040\000C\000o\000m\000p\000l\000e\000m\000e\000n\000t\000s}{section.4}% 11
\BOOKMARK [2][-]{subsection.4.2}{\376\377\000B\000a\000s\000i\000s\000\040\000a\000n\000d\000\040\000d\000i\000m\000e\000n\000s\000i\000o\000n}{section.4}% 12
\BOOKMARK [1][-]{section.5}{\376\377\000C\000l\000a\000s\000s\000\040\0005}{}% 13
\BOOKMARK [2][-]{subsection.5.1}{\376\377\000B\000a\000s\000i\000s\000,\000\040\000c\000o\000n\000t\000'\000d}{section.5}% 14
\BOOKMARK [2][-]{subsection.5.2}{\376\377\000D\000i\000m\000e\000n\000s\000i\000o\000n}{section.5}% 15
\BOOKMARK [1][-]{section.6}{\376\377\000C\000l\000a\000s\000s\000\040\0006}{}% 16
\BOOKMARK [2][-]{subsection.6.1}{\376\377\000B\000a\000s\000i\000s\000,\000\040\000c\000o\000n\000t\000'\000d}{section.6}% 17
\BOOKMARK [1][-]{section.7}{\376\377\000C\000l\000a\000s\000s\000\040\0007}{}% 18
\BOOKMARK [2][-]{subsection.7.1}{\376\377\000M\000a\000t\000r\000i\000c\000e\000s\000\040\000a\000n\000d\000\040\000S\000y\000s\000t\000e\000m\000s\000\040\000o\000f\000\040\000l\000i\000n\000e\000a\000r\000\040\000e\000q\000u\000a\000t\000i\000o\000n\000s}{section.7}% 19
\BOOKMARK [2][-]{subsection.7.2}{\376\377\000E\000c\000h\000e\000l\000o\000n\000\040\000f\000o\000r\000m\000\040\000a\000n\000d\000\040\000R\000o\000w\000-\000r\000e\000d\000u\000c\000e\000d\000\040\000e\000c\000h\000e\000l\000o\000n\000\040\000f\000o\000r\000m}{section.7}% 20
\BOOKMARK [1][-]{section.8}{\376\377\000C\000l\000a\000s\000s\000\040\0008}{}% 21
\BOOKMARK [2][-]{subsection.8.1}{\376\377\000E\000l\000e\000m\000e\000n\000t\000a\000r\000y\000\040\000M\000a\000t\000r\000i\000c\000e\000s\000\040\000a\000n\000d\000\040\000I\000n\000v\000e\000r\000t\000i\000b\000l\000e\000\040\000M\000a\000t\000r\000i\000c\000e\000s}{section.8}% 22
\BOOKMARK [2][-]{subsection.8.2}{\376\377\000L\000i\000n\000e\000a\000r\000\040\000M\000a\000p\000s}{section.8}% 23
\BOOKMARK [3][-]{subsubsection.8.2.1}{\376\377\000L\000i\000n\000e\000a\000r\000i\000t\000y}{subsection.8.2}% 24
\BOOKMARK [3][-]{subsubsection.8.2.2}{\376\377\000I\000n\000j\000e\000c\000t\000i\000v\000i\000t\000y\000,\000\040\000s\000u\000r\000j\000e\000c\000t\000i\000v\000i\000t\000y\000,\000\040\000a\000n\000d\000\040\000i\000s\000o\000m\000o\000r\000p\000h\000i\000s\000m\000s}{subsection.8.2}% 25
\BOOKMARK [3][-]{subsubsection.8.2.3}{\376\377\000I\000m\000a\000g\000e\000\040\000a\000n\000d\000\040\000k\000e\000r\000n\000e\000l\000s}{subsection.8.2}% 26
\BOOKMARK [1][-]{section.9}{\376\377\000C\000l\000a\000s\000s\000\040\0009}{}% 27
\BOOKMARK [2][-]{subsection.9.1}{\376\377\000I\000s\000o\000m\000o\000r\000p\000h\000i\000s\000m\000,\000\040\000c\000o\000n\000t\000'\000d}{section.9}% 28
\BOOKMARK [1][-]{section.10}{\376\377\000C\000l\000a\000s\000s\000\040\0001\0000}{}% 29
\BOOKMARK [2][-]{subsection.10.1}{\376\377\000I\000s\000o\000m\000o\000r\000p\000h\000i\000s\000m\000s\000,\000\040\000c\000o\000n\000t\000'\000d}{section.10}% 30
\BOOKMARK [2][-]{subsection.10.2}{\376\377\000D\000i\000m\000e\000n\000s\000i\000o\000n\000\040\000f\000o\000r\000m\000u\000l\000a\000\040\000f\000o\000r\000\040\000l\000i\000n\000e\000a\000r\000\040\000m\000a\000p\000s}{section.10}% 31
\BOOKMARK [2][-]{subsection.10.3}{\376\377\000T\000h\000e\000\040\000a\000l\000g\000e\000b\000r\000a\000\040\000o\000f\000\040\000e\000n\000d\000o\000m\000o\000r\000p\000h\000i\000s\000m\000s}{section.10}% 32
\BOOKMARK [2][-]{subsection.10.4}{\376\377\000C\000o\000o\000r\000d\000i\000n\000a\000t\000e\000s\000\040\000a\000n\000d\000\040\000m\000a\000t\000r\000i\000c\000e\000s}{section.10}% 33
\BOOKMARK [3][-]{subsubsection.10.4.1}{\376\377\000C\000o\000o\000r\000d\000i\000n\000a\000t\000e\000s\000\040\000a\000n\000d\000\040\000c\000h\000a\000n\000g\000e\000\040\000o\000f\000\040\000b\000a\000s\000i\000s}{subsection.10.4}% 34
\BOOKMARK [1][-]{section.11}{\376\377\000C\000l\000a\000s\000s\000\040\0001\0001}{}% 35
\BOOKMARK [2][-]{subsection.11.1}{\376\377\000C\000h\000a\000n\000g\000e\000\040\000o\000f\000\040\000b\000a\000s\000i\000s}{section.11}% 36
\BOOKMARK [2][-]{subsection.11.2}{\376\377\000R\000e\000p\000r\000e\000s\000e\000n\000t\000a\000t\000i\000o\000n\000\040\000o\000f\000\040\000l\000i\000n\000e\000a\000r\000\040\000m\000a\000p\000s}{section.11}% 37
\BOOKMARK [1][-]{section.12}{\376\377\000C\000l\000a\000s\000s\000\040\0001\0002}{}% 38
\BOOKMARK [2][-]{subsection.12.1}{\376\377\000E\000q\000u\000i\000v\000a\000l\000e\000n\000c\000e\000\040\000a\000n\000d\000\040\000r\000a\000n\000k\000\040\000o\000f\000\040\000m\000a\000t\000r\000i\000c\000e\000s}{section.12}% 39
\BOOKMARK [2][-]{subsection.12.2}{\376\377\000S\000y\000s\000t\000e\000m\000s\000\040\000o\000f\000\040\000l\000i\000n\000e\000a\000r\000\040\000e\000q\000u\000a\000t\000i\000o\000n\000s}{section.12}% 40
\BOOKMARK [1][-]{section.13}{\376\377\000C\000l\000a\000s\000s\000\040\0001\0003}{}% 41
\BOOKMARK [2][-]{subsection.13.1}{\376\377\000Q\000u\000o\000t\000i\000e\000n\000t\000s}{section.13}% 42
\BOOKMARK [1][-]{section.14}{\376\377\000C\000l\000a\000s\000s\000\040\0001\0004}{}% 43
\BOOKMARK [2][-]{subsection.14.1}{\376\377\000Q\000u\000o\000t\000i\000e\000n\000t\000s\000,\000\040\000c\000o\000n\000t\000'\000d}{section.14}% 44
\BOOKMARK [2][-]{subsection.14.2}{\376\377\000L\000i\000n\000e\000a\000r\000\040\000F\000u\000n\000c\000t\000i\000o\000n\000a\000l\000s}{section.14}% 45
\BOOKMARK [3][-]{subsubsection.14.2.1}{\376\377\000D\000u\000a\000l\000\040\000s\000p\000a\000c\000e}{subsection.14.2}% 46
\BOOKMARK [3][-]{subsubsection.14.2.2}{\376\377\000D\000u\000a\000l\000i\000t\000y\000\040\000T\000h\000e\000o\000r\000e\000m}{subsection.14.2}% 47
\BOOKMARK [1][-]{section.15}{\376\377\000C\000l\000a\000s\000s\000\040\0001\0005}{}% 48
\BOOKMARK [2][-]{subsection.15.1}{\376\377\000O\000r\000t\000h\000o\000g\000o\000n\000a\000l\000i\000t\000y}{section.15}% 49
\BOOKMARK [1][-]{section.16}{\376\377\000C\000l\000a\000s\000s\000\040\0001\0006}{}% 50
